2023.08.04 08:45:33 INFO  Started: Metals version 1.0.0 in folders '/Users/bbarker/workspace/RustyRogue' for client Visual Studio Code 1.80.1.[0m
Aug 04, 2023 8:45:33 AM org.flywaydb.core.internal.license.VersionPrinter printVersionOnly
INFO: Flyway Community Edition 9.20.1 by Redgate
Aug 04, 2023 8:45:33 AM org.flywaydb.core.internal.license.VersionPrinter printVersion
INFO: See release notes here: https://rd.gt/416ObMi
Aug 04, 2023 8:45:33 AM org.flywaydb.core.internal.license.VersionPrinter printVersion
INFO: 
Aug 04, 2023 8:45:34 AM org.flywaydb.core.internal.database.base.BaseDatabaseType createDatabase
INFO: Database: jdbc:h2:file:/Users/bbarker/workspace/RustyRogue/.metals/metals (H2 2.1)
Aug 04, 2023 8:45:34 AM org.flywaydb.core.internal.schemahistory.JdbcTableSchemaHistory allAppliedMigrations
INFO: Schema history table "PUBLIC"."flyway_schema_history" does not exist yet
Aug 04, 2023 8:45:34 AM org.flywaydb.core.internal.command.DbValidate validate
INFO: Successfully validated 4 migrations (execution time 00:00.020s)
Aug 04, 2023 8:45:34 AM org.flywaydb.core.internal.schemahistory.JdbcTableSchemaHistory create
INFO: Creating Schema History table "PUBLIC"."flyway_schema_history" ...
Aug 04, 2023 8:45:34 AM org.flywaydb.core.internal.command.DbMigrate migrateGroup
INFO: Current version of schema "PUBLIC": << Empty Schema >>
Aug 04, 2023 8:45:34 AM org.flywaydb.core.internal.command.DbMigrate doMigrateGroup
INFO: Migrating schema "PUBLIC" to version "1 - Create tables"
Aug 04, 2023 8:45:34 AM org.flywaydb.core.internal.command.DbMigrate doMigrateGroup
INFO: Migrating schema "PUBLIC" to version "2 - Server discovery"
Aug 04, 2023 8:45:34 AM org.flywaydb.core.internal.command.DbMigrate doMigrateGroup
INFO: Migrating schema "PUBLIC" to version "3 - Jar symbols"
Aug 04, 2023 8:45:34 AM org.flywaydb.core.internal.command.DbMigrate doMigrateGroup
INFO: Migrating schema "PUBLIC" to version "4 - Fingerprints"
Aug 04, 2023 8:45:34 AM org.flywaydb.core.internal.command.DbMigrate logSummary
INFO: Successfully applied 4 migrations to schema "PUBLIC", now at version v4 (execution time 00:00.021s)
2023.08.04 08:45:34 INFO  time: initialize in 0.79s[0m
2023.08.04 08:45:37 WARN  Build server is not auto-connectable.[0m
2023.08.04 08:45:37 WARN  no build tool detected in workspace '/Users/bbarker/workspace/RustyRogue'. The most common cause for this problem is that the editor was opened in the wrong working directory, for example if you use sbt then the workspace directory should contain build.sbt. [0m
2023.08.04 08:53:29 INFO  Shutting down server[0m
2023.08.04 08:53:29 INFO  shutting down Metals[0m
2023.08.04 08:53:29 INFO  Exiting server[0m
